#! /c/Source/iverilog-install/bin/vvp
:ivl_version "12.0 (devel)" "(s20150603-1539-g2693dd32b)";
:ivl_delay_selection "TYPICAL";
:vpi_time_precision + 0;
:vpi_module "C:\iverilog\lib\ivl\system.vpi";
:vpi_module "C:\iverilog\lib\ivl\vhdl_sys.vpi";
:vpi_module "C:\iverilog\lib\ivl\vhdl_textio.vpi";
:vpi_module "C:\iverilog\lib\ivl\v2005_math.vpi";
:vpi_module "C:\iverilog\lib\ivl\va_math.vpi";
S_0000020dedda66e0 .scope module, "hello" "hello" 2 1;
 .timescale 0 0;
    .port_info 0 /INPUT 1 "A";
    .port_info 1 /OUTPUT 1 "B";
o0000020dedbe4618 .functor BUFZ 1, C4<z>; HiZ drive
L_0000020dedda6e40 .functor BUFZ 1, o0000020dedbe4618, C4<0>, C4<0>, C4<0>;
v0000020dedda6870_0 .net "A", 0 0, o0000020dedbe4618;  0 drivers
v0000020dedda6910_0 .net "B", 0 0, L_0000020dedda6e40;  1 drivers
# The file index is used to find the file name in the following table.
:file_names 3;
    "N/A";
    "<interactive>";
    "hello.v";
